\BOOKMARK [0][-]{chapter.1}{\376\377\000I\000n\000t\000r\000o\000d\000u\000c\000t\000i\000o\000n}{}% 1
\BOOKMARK [1][-]{section.1.1}{\376\377\000B\000a\000c\000k\000g\000r\000o\000u\000n\000d\000\040\000a\000n\000d\000\040\000p\000r\000o\000b\000l\000e\000m\000\040\000c\000o\000n\000t\000e\000x\000t}{chapter.1}% 2
\BOOKMARK [1][-]{section.1.2}{\376\377\000P\000r\000o\000b\000l\000e\000m}{chapter.1}% 3
\BOOKMARK [1][-]{section.1.3}{\376\377\000P\000u\000r\000p\000o\000s\000e}{chapter.1}% 4
\BOOKMARK [1][-]{section.1.4}{\376\377\000G\000o\000a\000l\000s}{chapter.1}% 5
\BOOKMARK [1][-]{section.1.5}{\376\377\000R\000e\000s\000e\000a\000r\000c\000h\000\040\000M\000e\000t\000h\000o\000d\000o\000l\000o\000g\000y}{chapter.1}% 6
\BOOKMARK [1][-]{section.1.6}{\376\377\000D\000e\000l\000i\000m\000i\000t\000a\000t\000i\000o\000n\000s}{chapter.1}% 7
\BOOKMARK [1][-]{section.1.7}{\376\377\000E\000t\000h\000i\000c\000a\000l\000\040\000c\000o\000n\000s\000i\000d\000e\000r\000a\000t\000i\000o\000n\000s}{chapter.1}% 8
\BOOKMARK [1][-]{section.1.8}{\376\377\000S\000t\000r\000u\000c\000t\000u\000r\000e\000\040\000o\000f\000\040\000t\000h\000e\000\040\000t\000h\000e\000s\000i\000s}{chapter.1}% 9
\BOOKMARK [0][-]{chapter.2}{\376\377\000B\000a\000c\000k\000g\000r\000o\000u\000n\000d}{}% 10
\BOOKMARK [1][-]{section.2.1}{\376\377\000D\000a\000t\000a}{chapter.2}% 11
\BOOKMARK [2][-]{subsection.2.1.1}{\376\377\000D\000i\000g\000i\000t\000i\000z\000a\000t\000i\000o\000n\000\040\000o\000f\000\040\000h\000i\000s\000t\000o\000r\000i\000c\000a\000l\000\040\000d\000o\000c\000u\000m\000e\000n\000t\000s}{section.2.1}% 12
\BOOKMARK [2][-]{subsection.2.1.2}{\376\377\000D\000i\000g\000i\000t\000i\000z\000a\000t\000i\000o\000n\000\040\000a\000t\000\040\000t\000h\000e\000\040\000N\000a\000t\000i\000o\000n\000a\000l\000\040\000L\000i\000b\000r\000a\000r\000y\000\040\000o\000f\000\040\000S\000w\000e\000d\000e\000n}{section.2.1}% 13
\BOOKMARK [2][-]{subsection.2.1.3}{\376\377\000D\000e\000s\000c\000r\000i\000p\000t\000i\000o\000n}{section.2.1}% 14
\BOOKMARK [3][-]{subsubsection.2.1.3.1}{\376\377\000L\000i\000s\000t\000i\000n\000g\000s}{subsection.2.1.3}% 15
\BOOKMARK [3][-]{subsubsection.2.1.3.2}{\376\377\000C\000o\000m\000i\000c\000s\000,\000\040\000a\000r\000t\000w\000o\000r\000k\000\040\000a\000n\000d\000\040\000p\000o\000e\000m\000s}{subsection.2.1.3}% 16
\BOOKMARK [3][-]{subsubsection.2.1.3.3}{\376\377\000G\000a\000m\000e\000s\000,\000\040\000p\000u\000z\000z\000l\000e\000s\000\040\000a\000n\000d\000\040\000q\000u\000i\000z\000z\000e\000s}{subsection.2.1.3}% 17
\BOOKMARK [3][-]{subsubsection.2.1.3.4}{\376\377\000W\000e\000a\000t\000h\000e\000r}{subsection.2.1.3}% 18
\BOOKMARK [1][-]{section.2.2}{\376\377\000D\000e\000e\000p\000\040\000l\000e\000a\000r\000n\000i\000n\000g\000\040\000p\000r\000e\000l\000i\000m\000i\000n\000a\000r\000i\000e\000s}{chapter.2}% 19
\BOOKMARK [2][-]{subsection.2.2.1}{\376\377\000C\000o\000n\000v\000o\000l\000u\000t\000i\000o\000n\000a\000l\000\040\000N\000e\000u\000r\000a\000l\000\040\000N\000e\000t\000w\000o\000r\000k}{section.2.2}% 20
\BOOKMARK [2][-]{subsection.2.2.2}{\376\377\000F\000u\000l\000l\000y\000\040\000C\000o\000n\000v\000o\000l\000u\000t\000i\000o\000n\000a\000l\000\040\000N\000e\000t\000w\000o\000r\000k}{section.2.2}% 21
\BOOKMARK [2][-]{subsection.2.2.3}{\376\377\000F\000e\000a\000t\000u\000r\000e\000\040\000P\000y\000r\000a\000m\000i\000d\000\040\000N\000e\000t\000w\000o\000r\000k}{section.2.2}% 22
\BOOKMARK [2][-]{subsection.2.2.4}{\376\377\000M\000a\000s\000k\000\040\000R\000-\000C\000N\000N}{section.2.2}% 23
\BOOKMARK [2][-]{subsection.2.2.5}{\376\377\000M\000i\000c\000r\000o\000s\000o\000f\000t\000\040\000C\000O\000C\000O\000:\000\040\000C\000o\000m\000m\000o\000n\000\040\000O\000b\000j\000e\000c\000t\000s\000\040\000i\000n\000\040\000C\000o\000n\000t\000e\000x\000t}{section.2.2}% 24
\BOOKMARK [1][-]{section.2.3}{\376\377\000R\000e\000l\000a\000t\000e\000d\000\040\000w\000o\000r\000k\000:\000\040\000S\000e\000g\000m\000e\000n\000t\000a\000t\000i\000o\000n\000\040\000A\000l\000g\000o\000r\000i\000t\000h\000m\000s}{chapter.2}% 25
\BOOKMARK [2][-]{subsection.2.3.1}{\376\377\000C\000l\000a\000s\000s\000i\000c\000a\000l\000\040\000A\000p\000p\000r\000o\000a\000c\000h\000e\000s}{section.2.3}% 26
\BOOKMARK [2][-]{subsection.2.3.2}{\376\377\000D\000e\000e\000p\000\040\000L\000e\000a\000r\000n\000i\000n\000g\000\040\000A\000p\000p\000r\000o\000a\000c\000h\000e\000s}{section.2.3}% 27
\BOOKMARK [1][-]{section.2.4}{\376\377\000R\000e\000l\000a\000t\000e\000d\000\040\000w\000o\000r\000k\000:\000\040\000W\000o\000r\000d\000\040\000r\000e\000p\000r\000e\000s\000e\000n\000t\000a\000t\000i\000o\000n\000\040\000l\000a\000n\000g\000u\000a\000g\000e\000\040\000m\000o\000d\000e\000l\000s}{chapter.2}% 28
\BOOKMARK [2][-]{subsection.2.4.1}{\376\377\000F\000r\000o\000m\000\040\000c\000l\000a\000s\000s\000i\000c\000a\000l\000\040\000m\000e\000t\000h\000o\000d\000s\000\040\000t\000o\000\040\000s\000t\000a\000t\000e\000-\000o\000f\000-\000t\000h\000e\000-\000a\000r\000t}{section.2.4}% 29
\BOOKMARK [3][-]{subsubsection.2.4.1.1}{\376\377\000C\000a\000t\000e\000g\000o\000r\000i\000c\000a\000l\000\040\000w\000o\000r\000d\000\040\000r\000e\000p\000r\000e\000s\000e\000n\000t\000a\000t\000i\000o\000n}{subsection.2.4.1}% 30
\BOOKMARK [3][-]{subsubsection.2.4.1.2}{\376\377\000W\000e\000i\000g\000h\000t\000e\000d\000\040\000W\000o\000r\000d\000\040\000r\000e\000p\000r\000e\000s\000e\000n\000t\000a\000t\000i\000o\000n}{subsection.2.4.1}% 31
\BOOKMARK [3][-]{subsubsection.2.4.1.3}{\376\377\000W\000o\000r\000d\000\040\000e\000m\000b\000e\000d\000d\000i\000n\000g\000s}{subsection.2.4.1}% 32
\BOOKMARK [2][-]{subsection.2.4.2}{\376\377\000B\000E\000R\000T}{section.2.4}% 33
\BOOKMARK [2][-]{subsection.2.4.3}{\376\377\000S\000e\000n\000t\000e\000n\000c\000e\000-\000B\000E\000R\000T}{section.2.4}% 34
\BOOKMARK [1][-]{section.2.5}{\376\377\000S\000u\000m\000m\000a\000r\000y}{chapter.2}% 35
\BOOKMARK [0][-]{chapter.3}{\376\377\000M\000e\000t\000h\000o\000d}{}% 36
\BOOKMARK [1][-]{section.3.1}{\376\377\000S\000y\000s\000t\000e\000m\000\040\000d\000o\000c\000u\000m\000e\000n\000t\000a\000t\000i\000o\000n}{chapter.3}% 37
\BOOKMARK [2][-]{subsection.3.1.1}{\376\377\000H\000a\000r\000d\000w\000a\000r\000e\000\040\000s\000p\000e\000c\000i\000f\000i\000c\000a\000t\000i\000o\000n\000s}{section.3.1}% 38
\BOOKMARK [2][-]{subsection.3.1.2}{\376\377\000S\000o\000f\000t\000w\000a\000r\000e\000\040\000s\000p\000e\000c\000i\000f\000i\000c\000a\000t\000i\000o\000n\000s}{section.3.1}% 39
\BOOKMARK [3][-]{subsubsection.3.1.2.1}{\376\377\000M\000M\000D\000e\000t\000e\000c\000t\000i\000o\000n}{subsection.3.1.2}% 40
\BOOKMARK [3][-]{subsubsection.3.1.2.2}{\376\377\000L\000a\000b\000e\000l\000\040\000s\000t\000u\000d\000i\000o}{subsection.3.1.2}% 41
\BOOKMARK [3][-]{subsubsection.3.1.2.3}{\376\377\000S\000o\000f\000t\000w\000a\000r\000e\000\040\000v\000e\000r\000s\000i\000o\000n\000s}{subsection.3.1.2}% 42
\BOOKMARK [1][-]{section.3.2}{\376\377\000D\000a\000t\000a}{chapter.3}% 43
\BOOKMARK [2][-]{subsection.3.2.1}{\376\377\000L\000a\000b\000e\000l\000i\000n\000g\000\040\000s\000t\000r\000a\000t\000e\000g\000y}{section.3.2}% 44
\BOOKMARK [2][-]{subsection.3.2.2}{\376\377\000C\000a\000v\000e\000a\000t\000s\000\040\000o\000f\000\040\000p\000r\000o\000c\000e\000s\000s\000i\000n\000g\000\040\000i\000n\000d\000i\000v\000i\000d\000u\000a\000l\000\040\000p\000a\000g\000e\000s}{section.3.2}% 45
\BOOKMARK [2][-]{subsection.3.2.3}{\376\377\000L\000a\000b\000e\000l\000s}{section.3.2}% 46
\BOOKMARK [3][-]{subsubsection.3.2.3.1}{\376\377\000B\000a\000c\000k\000g\000r\000o\000u\000n\000d}{subsection.3.2.3}% 47
\BOOKMARK [3][-]{subsubsection.3.2.3.2}{\376\377\000N\000e\000w\000s\000\040\000U\000n\000i\000t}{subsection.3.2.3}% 48
\BOOKMARK [3][-]{subsubsection.3.2.3.3}{\376\377\000N\000e\000w\000s\000\040\000U\000n\000i\000t\000\040\000D\000e\000l\000i\000m\000i\000t\000a\000t\000i\000o\000n\000s}{subsection.3.2.3}% 49
\BOOKMARK [3][-]{subsubsection.3.2.3.4}{\376\377\000A\000d\000v\000e\000r\000t\000i\000s\000e\000m\000e\000n\000t}{subsection.3.2.3}% 50
\BOOKMARK [3][-]{subsubsection.3.2.3.5}{\376\377\000L\000i\000s\000t\000i\000n\000g}{subsection.3.2.3}% 51
\BOOKMARK [3][-]{subsubsection.3.2.3.6}{\376\377\000C\000o\000m\000i\000c\000s\000,\000\040\000a\000r\000t\000w\000o\000r\000k\000\040\000a\000n\000d\000\040\000p\000o\000e\000m\000s}{subsection.3.2.3}% 52
\BOOKMARK [3][-]{subsubsection.3.2.3.7}{\376\377\000W\000e\000a\000t\000h\000e\000r}{subsection.3.2.3}% 53
\BOOKMARK [3][-]{subsubsection.3.2.3.8}{\376\377\000D\000e\000a\000t\000h\000\040\000N\000o\000t\000i\000c\000e}{subsection.3.2.3}% 54
\BOOKMARK [3][-]{subsubsection.3.2.3.9}{\376\377\000G\000a\000m\000e}{subsection.3.2.3}% 55
\BOOKMARK [3][-]{subsubsection.3.2.3.10}{\376\377\000F\000i\000n\000a\000l\000\040\000c\000l\000a\000s\000s\000e\000s}{subsection.3.2.3}% 56
\BOOKMARK [3][-]{subsubsection.3.2.3.11}{\376\377\000P\000u\000b\000l\000i\000c\000a\000t\000i\000o\000n\000\040\000U\000n\000i\000t}{subsection.3.2.3}% 57
\BOOKMARK [3][-]{subsubsection.3.2.3.12}{\376\377\000D\000e\000l\000i\000m\000i\000t\000a\000t\000i\000o\000n\000s}{subsection.3.2.3}% 58
\BOOKMARK [2][-]{subsection.3.2.4}{\376\377\000S\000a\000m\000p\000l\000i\000n\000g}{section.3.2}% 59
\BOOKMARK [3][-]{subsubsection.3.2.4.1}{\376\377\000D\000N\000\040\0002\0000\0001\0000\000\040\000-\000\040\0002\0000\0002\0000\000\040\000\050\000I\000n\000-\000s\000e\000t\000\051}{subsection.3.2.4}% 60
\BOOKMARK [3][-]{subsubsection.3.2.4.2}{\376\377\000D\000N\000\040\000S\000v\000D\000\040\0002\0000\0000\0001\000\040\000-\000\040\0002\0000\0000\0004\000\040\000\050\000N\000e\000a\000r\000-\000s\000e\000t\000\051}{subsection.3.2.4}% 61
\BOOKMARK [3][-]{subsubsection.3.2.4.3}{\376\377\000A\000f\000t\000o\000n\000b\000l\000a\000d\000e\000t\000\040\000E\000x\000p\000r\000e\000s\000s\000e\000n\000\040\0002\0000\0000\0001\000\040\000-\000\040\0002\0000\0000\0004\000\040\000\050\000O\000u\000t\000-\000s\000e\000t\000\051}{subsection.3.2.4}% 62
\BOOKMARK [1][-]{section.3.3}{\376\377\000M\000o\000d\000e\000l\000\040\000A\000r\000c\000h\000i\000t\000e\000c\000t\000u\000r\000e}{chapter.3}% 63
\BOOKMARK [2][-]{subsection.3.3.1}{\376\377\000P\000r\000i\000m\000a\000r\000y\000\040\000a\000r\000c\000h\000i\000t\000e\000c\000t\000u\000r\000e}{section.3.3}% 64
\BOOKMARK [3][-]{subsubsection.3.3.1.1}{\376\377\000P\000r\000e\000p\000r\000o\000c\000e\000s\000s\000i\000n\000g}{subsection.3.3.1}% 65
\BOOKMARK [2][-]{subsection.3.3.2}{\376\377\000M\000o\000d\000i\000f\000i\000c\000a\000t\000i\000o\000n\000s\000\040\000t\000o\000\040\000t\000h\000e\000\040\000p\000r\000i\000m\000a\000r\000y\000\040\000a\000r\000c\000h\000i\000t\000e\000c\000t\000u\000r\000e}{section.3.3}% 66
\BOOKMARK [3][-]{subsubsection.3.3.2.1}{\376\377\000M\000u\000l\000t\000i\000s\000c\000a\000l\000e\000\040\000t\000r\000a\000i\000n\000i\000n\000g}{subsection.3.3.2}% 67
\BOOKMARK [3][-]{subsubsection.3.3.2.2}{\376\377\000O\000p\000t\000i\000m\000i\000z\000e\000r}{subsection.3.3.2}% 68
\BOOKMARK [2][-]{subsection.3.3.3}{\376\377\000T\000e\000x\000t\000\040\000E\000m\000b\000e\000d\000d\000i\000n\000g\000\040\000m\000a\000p}{section.3.3}% 69
\BOOKMARK [3][-]{subsubsection.3.3.3.1}{\376\377\000T\000e\000x\000t\000\040\000e\000m\000b\000e\000d\000d\000i\000n\000g\000\040\000s\000t\000r\000a\000t\000e\000g\000y}{subsection.3.3.3}% 70
\BOOKMARK [3][-]{subsubsection.3.3.3.2}{\376\377\000S\000e\000n\000t\000e\000n\000c\000e\000\040\000t\000r\000a\000n\000s\000f\000o\000r\000m\000e\000r\000s}{subsection.3.3.3}% 71
\BOOKMARK [1][-]{section.3.4}{\376\377\000E\000x\000p\000e\000r\000i\000m\000e\000n\000t\000s}{chapter.3}% 72
\BOOKMARK [2][-]{subsection.3.4.1}{\376\377\000U\000n\000i\000m\000o\000d\000a\000l\000\040\000v\000e\000r\000s\000u\000s\000\040\000m\000u\000l\000t\000i\000m\000o\000d\000a\000l\000\040\000i\000n\000p\000u\000t}{section.3.4}% 73
\BOOKMARK [2][-]{subsection.3.4.2}{\376\377\000I\000m\000p\000a\000c\000t\000\040\000o\000f\000\040\000c\000l\000a\000s\000s\000\040\000l\000a\000b\000e\000l\000s}{section.3.4}% 74
\BOOKMARK [2][-]{subsection.3.4.3}{\376\377\000I\000m\000p\000a\000c\000t\000\040\000o\000f\000\040\000d\000a\000t\000a\000s\000e\000t\000\040\000s\000i\000z\000e}{section.3.4}% 75
\BOOKMARK [2][-]{subsection.3.4.4}{\376\377\000I\000m\000p\000a\000c\000t\000\040\000o\000f\000\040\000i\000m\000a\000g\000e\000\040\000s\000c\000a\000l\000i\000n\000g}{section.3.4}% 76
\BOOKMARK [1][-]{section.3.5}{\376\377\000M\000e\000t\000r\000i\000c\000s}{chapter.3}% 77
\BOOKMARK [2][-]{subsection.3.5.1}{\376\377\000M\000e\000a\000n\000\040\000I\000n\000t\000e\000r\000s\000e\000c\000t\000i\000o\000n\000\040\000o\000v\000e\000r\000\040\000U\000n\000i\000o\000n}{section.3.5}% 78
\BOOKMARK [2][-]{subsection.3.5.2}{\376\377\000P\000r\000e\000c\000i\000s\000i\000o\000n\000\040\000a\000n\000d\000\040\000R\000e\000c\000a\000l\000l}{section.3.5}% 79
\BOOKMARK [2][-]{subsection.3.5.3}{\376\377\000M\000e\000a\000n\000\040\000A\000v\000e\000r\000a\000g\000e\000\040\000P\000r\000e\000c\000i\000s\000i\000o\000n}{section.3.5}% 80
\BOOKMARK [0][-]{chapter.4}{\376\377\000R\000e\000s\000u\000l\000t\000s}{}% 81
\BOOKMARK [1][-]{section.4.1}{\376\377\000U\000n\000i\000m\000o\000d\000a\000l\000\040\000v\000e\000r\000s\000u\000s\000\040\000m\000u\000l\000t\000i\000m\000o\000d\000a\000l}{chapter.4}% 82
\BOOKMARK [2][-]{subsection.4.1.1}{\376\377\0006\000\040\000c\000l\000a\000s\000s\000e\000s}{section.4.1}% 83
\BOOKMARK [2][-]{subsection.4.1.2}{\376\377\0001\000\040\000c\000l\000a\000s\000s}{section.4.1}% 84
\BOOKMARK [1][-]{section.4.2}{\376\377\000I\000m\000p\000a\000c\000t\000\040\000o\000f\000\040\000d\000a\000t\000a\000s\000e\000t\000\040\000s\000i\000z\000e}{chapter.4}% 85
\BOOKMARK [2][-]{subsection.4.2.1}{\376\377\0006\000\040\000c\000l\000a\000s\000s\000e\000s}{section.4.2}% 86
\BOOKMARK [2][-]{subsection.4.2.2}{\376\377\0001\000\040\000c\000l\000a\000s\000s}{section.4.2}% 87
\BOOKMARK [1][-]{section.4.3}{\376\377\000I\000m\000p\000a\000c\000t\000\040\000o\000f\000\040\000i\000m\000a\000g\000e\000\040\000s\000c\000a\000l\000i\000n\000g}{chapter.4}% 88
\BOOKMARK [1][-]{section.4.4}{\376\377\000I\000m\000p\000a\000c\000t\000\040\000o\000f\000\040\000c\000l\000a\000s\000s\000e\000s}{chapter.4}% 89
\BOOKMARK [0][-]{chapter.5}{\376\377\000D\000i\000s\000c\000u\000s\000s\000i\000o\000n}{}% 90
\BOOKMARK [1][-]{section.5.1}{\376\377\000M\000a\000s\000k\000\040\000R\000-\000C\000N\000N}{chapter.5}% 91
\BOOKMARK [2][-]{subsection.5.1.1}{\376\377\000H\000i\000g\000h\000e\000r\000\040\000p\000e\000r\000f\000o\000r\000m\000a\000n\000c\000e\000\040\000i\000s\000\040\000r\000e\000q\000u\000i\000r\000e\000d\000\040\000f\000o\000r\000\040\000u\000s\000e\000f\000u\000l\000n\000e\000s\000s\000\040\000w\000i\000t\000h\000i\000n\000\040\000t\000h\000e\000\040\000d\000o\000m\000a\000i\000n\000\040\000o\000f\000\040\000n\000e\000w\000s\000p\000a\000p\000e\000r\000\040\000a\000r\000t\000i\000c\000l\000e\000\040\000s\000e\000g\000m\000e\000n\000t\000a\000t\000i\000o\000n}{section.5.1}% 92
\BOOKMARK [2][-]{subsection.5.1.2}{\376\377\000U\000n\000a\000l\000t\000e\000r\000e\000d\000\040\000M\000a\000s\000k\000\040\000R\000-\000C\000N\000N\000\040\000p\000e\000r\000f\000o\000r\000m\000s\000\040\000w\000e\000l\000l\000\040\000o\000n\000\040\000i\000n\000-\000d\000o\000m\000a\000i\000n\000\040\000d\000a\000t\000a\000s\000e\000t\000s}{section.5.1}% 93
\BOOKMARK [1][-]{section.5.2}{\376\377\000C\000l\000a\000s\000s\000e\000s}{chapter.5}% 94
\BOOKMARK [1][-]{section.5.3}{\376\377\000S\000e\000n\000t\000e\000n\000c\000e\000\040\000t\000r\000a\000n\000s\000f\000o\000r\000m\000e\000r\000s}{chapter.5}% 95
\BOOKMARK [2][-]{subsection.5.3.1}{\376\377\000L\000a\000r\000g\000e\000\040\000t\000e\000x\000t\000\040\000e\000m\000b\000e\000d\000d\000i\000n\000g\000s}{section.5.3}% 96
\BOOKMARK [1][-]{section.5.4}{\376\377\000I\000m\000p\000a\000c\000t\000\040\000o\000f\000\040\000d\000a\000t\000a\000s\000e\000t\000\040\000s\000i\000z\000e}{chapter.5}% 97
\BOOKMARK [1][-]{section.5.5}{\376\377\000C\000o\000m\000b\000i\000n\000i\000n\000g\000\040\000o\000t\000h\000e\000r\000\040\000m\000e\000t\000h\000o\000d\000s}{chapter.5}% 98
\BOOKMARK [0][-]{chapter.6}{\376\377\000C\000o\000n\000c\000l\000u\000s\000i\000o\000n\000s\000\040\000a\000n\000d\000\040\000F\000u\000t\000u\000r\000e\000\040\000W\000o\000r\000k}{}% 99
\BOOKMARK [1][-]{section.6.1}{\376\377\000C\000o\000n\000c\000l\000u\000s\000i\000o\000n\000s}{chapter.6}% 100
\BOOKMARK [1][-]{section.6.2}{\376\377\000L\000i\000m\000i\000t\000a\000t\000i\000o\000n\000s}{chapter.6}% 101
\BOOKMARK [1][-]{section.6.3}{\376\377\000F\000u\000t\000u\000r\000e\000\040\000w\000o\000r\000k}{chapter.6}% 102
\BOOKMARK [0][-]{section.6.3}{\376\377\000R\000e\000f\000e\000r\000e\000n\000c\000e\000s}{}% 103
\BOOKMARK [1][-]{section.Alph0.1}{\376\377\000A\000p\000p\000e\000n\000d\000i\000x\000\040\000A\000:\000\040\000D\000e\000f\000i\000n\000i\000t\000i\000o\000n\000s\000\040\000r\000e\000l\000a\000t\000e\000d\000\040\000t\000o\000\040\000n\000e\000w\000s\000\040\000a\000r\000t\000i\000c\000l\000e\000s}{section.6.3}% 104
